mode: set
github.com/bfranzen1/assignments-bfranzen1/servers/gateway/models/users/mysqlstore.go:14.44,15.15 1 1
github.com/bfranzen1/assignments-bfranzen1/servers/gateway/models/users/mysqlstore.go:18.2,20.3 1 1
github.com/bfranzen1/assignments-bfranzen1/servers/gateway/models/users/mysqlstore.go:15.15,17.3 1 0
github.com/bfranzen1/assignments-bfranzen1/servers/gateway/models/users/mysqlstore.go:23.69,25.17 2 1
github.com/bfranzen1/assignments-bfranzen1/servers/gateway/models/users/mysqlstore.go:31.2,36.31 2 1
github.com/bfranzen1/assignments-bfranzen1/servers/gateway/models/users/mysqlstore.go:39.2,39.19 1 1
github.com/bfranzen1/assignments-bfranzen1/servers/gateway/models/users/mysqlstore.go:25.17,28.3 2 1
github.com/bfranzen1/assignments-bfranzen1/servers/gateway/models/users/mysqlstore.go:28.8,30.3 1 1
github.com/bfranzen1/assignments-bfranzen1/servers/gateway/models/users/mysqlstore.go:36.31,38.3 1 1
github.com/bfranzen1/assignments-bfranzen1/servers/gateway/models/users/mysqlstore.go:43.59,45.2 1 1
github.com/bfranzen1/assignments-bfranzen1/servers/gateway/models/users/mysqlstore.go:48.66,50.2 1 1
github.com/bfranzen1/assignments-bfranzen1/servers/gateway/models/users/mysqlstore.go:53.72,55.2 1 1
github.com/bfranzen1/assignments-bfranzen1/servers/gateway/models/users/mysqlstore.go:59.60,61.16 2 1
github.com/bfranzen1/assignments-bfranzen1/servers/gateway/models/users/mysqlstore.go:65.2,67.16 3 1
github.com/bfranzen1/assignments-bfranzen1/servers/gateway/models/users/mysqlstore.go:71.2,72.16 2 1
github.com/bfranzen1/assignments-bfranzen1/servers/gateway/models/users/mysqlstore.go:76.2,78.18 3 1
github.com/bfranzen1/assignments-bfranzen1/servers/gateway/models/users/mysqlstore.go:61.16,63.3 1 0
github.com/bfranzen1/assignments-bfranzen1/servers/gateway/models/users/mysqlstore.go:67.16,70.3 2 1
github.com/bfranzen1/assignments-bfranzen1/servers/gateway/models/users/mysqlstore.go:72.16,75.3 2 0
github.com/bfranzen1/assignments-bfranzen1/servers/gateway/models/users/mysqlstore.go:83.76,85.16 2 1
github.com/bfranzen1/assignments-bfranzen1/servers/gateway/models/users/mysqlstore.go:89.2,91.16 3 1
github.com/bfranzen1/assignments-bfranzen1/servers/gateway/models/users/mysqlstore.go:96.2,97.16 2 1
github.com/bfranzen1/assignments-bfranzen1/servers/gateway/models/users/mysqlstore.go:101.2,101.50 1 1
github.com/bfranzen1/assignments-bfranzen1/servers/gateway/models/users/mysqlstore.go:105.2,106.17 2 1
github.com/bfranzen1/assignments-bfranzen1/servers/gateway/models/users/mysqlstore.go:85.16,87.3 1 0
github.com/bfranzen1/assignments-bfranzen1/servers/gateway/models/users/mysqlstore.go:91.16,94.3 2 1
github.com/bfranzen1/assignments-bfranzen1/servers/gateway/models/users/mysqlstore.go:97.16,100.3 2 0
github.com/bfranzen1/assignments-bfranzen1/servers/gateway/models/users/mysqlstore.go:101.50,104.3 2 0
github.com/bfranzen1/assignments-bfranzen1/servers/gateway/models/users/mysqlstore.go:110.49,112.16 2 1
github.com/bfranzen1/assignments-bfranzen1/servers/gateway/models/users/mysqlstore.go:116.2,117.45 2 1
github.com/bfranzen1/assignments-bfranzen1/servers/gateway/models/users/mysqlstore.go:121.2,122.12 2 1
github.com/bfranzen1/assignments-bfranzen1/servers/gateway/models/users/mysqlstore.go:112.16,114.3 1 0
github.com/bfranzen1/assignments-bfranzen1/servers/gateway/models/users/mysqlstore.go:117.45,120.3 2 1
github.com/bfranzen1/assignments-bfranzen1/servers/gateway/models/users/user.go:56.37,57.55 1 1
github.com/bfranzen1/assignments-bfranzen1/servers/gateway/models/users/user.go:60.2,60.26 1 1
github.com/bfranzen1/assignments-bfranzen1/servers/gateway/models/users/user.go:63.2,63.36 1 1
github.com/bfranzen1/assignments-bfranzen1/servers/gateway/models/users/user.go:66.2,66.66 1 1
github.com/bfranzen1/assignments-bfranzen1/servers/gateway/models/users/user.go:70.2,70.12 1 1
github.com/bfranzen1/assignments-bfranzen1/servers/gateway/models/users/user.go:57.55,59.3 1 1
github.com/bfranzen1/assignments-bfranzen1/servers/gateway/models/users/user.go:60.26,62.3 1 1
github.com/bfranzen1/assignments-bfranzen1/servers/gateway/models/users/user.go:63.36,65.3 1 1
github.com/bfranzen1/assignments-bfranzen1/servers/gateway/models/users/user.go:66.66,68.3 1 1
github.com/bfranzen1/assignments-bfranzen1/servers/gateway/models/users/user.go:75.44,76.38 1 1
github.com/bfranzen1/assignments-bfranzen1/servers/gateway/models/users/user.go:80.2,92.54 4 1
github.com/bfranzen1/assignments-bfranzen1/servers/gateway/models/users/user.go:95.2,95.18 1 1
github.com/bfranzen1/assignments-bfranzen1/servers/gateway/models/users/user.go:76.38,78.3 1 1
github.com/bfranzen1/assignments-bfranzen1/servers/gateway/models/users/user.go:92.54,94.3 1 0
github.com/bfranzen1/assignments-bfranzen1/servers/gateway/models/users/user.go:103.34,106.40 3 1
github.com/bfranzen1/assignments-bfranzen1/servers/gateway/models/users/user.go:111.2,111.13 1 1
github.com/bfranzen1/assignments-bfranzen1/servers/gateway/models/users/user.go:106.40,108.3 1 1
github.com/bfranzen1/assignments-bfranzen1/servers/gateway/models/users/user.go:108.8,110.3 1 1
github.com/bfranzen1/assignments-bfranzen1/servers/gateway/models/users/user.go:115.51,117.16 2 1
github.com/bfranzen1/assignments-bfranzen1/servers/gateway/models/users/user.go:120.2,121.12 2 1
github.com/bfranzen1/assignments-bfranzen1/servers/gateway/models/users/user.go:117.16,119.3 1 0
github.com/bfranzen1/assignments-bfranzen1/servers/gateway/models/users/user.go:126.52,127.84 1 1
github.com/bfranzen1/assignments-bfranzen1/servers/gateway/models/users/user.go:130.2,130.12 1 1
github.com/bfranzen1/assignments-bfranzen1/servers/gateway/models/users/user.go:127.84,129.3 1 1
github.com/bfranzen1/assignments-bfranzen1/servers/gateway/models/users/user.go:135.53,136.20 1 1
github.com/bfranzen1/assignments-bfranzen1/servers/gateway/models/users/user.go:139.2,141.12 3 1
github.com/bfranzen1/assignments-bfranzen1/servers/gateway/models/users/user.go:136.20,138.3 1 1
